

HI-TECH Software PICC Macro Assembler V9.60
                                                      Tue Nov 11 13:52:37 2008


     1                           	processor	16F877A
     2                           	opt	pw 79
     3                           	psect	text0,local,class=CODE,delta=2
     4                           	psect	text1,local,class=CODE,delta=2
     5                           	psect	text2,local,class=CODE,delta=2
     6                           	psect	text3,local,class=CODE,delta=2
     7                           	psect	temp,global,ovrld,class=BANK0,space=1,de
      +                          lta=1
     8  0000                     
     9  0000                     
    10  0000                     
    11  0000                     
    12  0000                     
    13  0000                     
    14  0000                     
    15  0000                     
    16  0000                     
    17  0000                     
    18                           
    19                           	psect	text0
    20  01B7                     _uart_init
    21                           ;uart.c: 9: void uart_init(void)
    22  01B7  1683               	bsf	3,5
    23  01B8  1303               	bcf	3,6	;carry unused
    24  01B9  1307               	bcf	7,6
    25                           ;uart.c: 13: TRISC7=1;
    26  01BA  1787               	bsf	7,7
    27                           ;uart.c: 16: RC6=1;
    28  01BB  1283               	bcf	3,5
    29  01BC  1707               	bsf	7,6
    30                           ;uart.c: 19: TMR1L=0;
    31  01BD  018E               	clrf	14	;volatile
    32                           ;uart.c: 20: while(TMR1L<(1250000/1000));
    33  01BE                     l2
    34  01BE  1283               	bcf	3,5
    35  01BF  1303               	bcf	3,6	;carry unused
    36  01C0  080E               	movf	14,w	;volatile
    37  01C1  00A2               	movwf	?a_uart_init
    38  01C2  01A3               	clrf	?a_uart_init+1
    39  01C3  01A4               	clrf	?a_uart_init+2
    40  01C4  01A5               	clrf	?a_uart_init+3
    41  01C5  0825               	movf	?a_uart_init+3,w
    42  01C6  3A80               	xorlw	128
    43  01C7  00F4               	movwf	btemp
    44  01C8  3080               	movlw	128
    45  01C9  0274               	subwf	btemp,w
    46  01CA  1D03               	btfss	3,2
    47  01CB  29D6               	goto	u15
    48  01CC  3000               	movlw	0
    49  01CD  0224               	subwf	?a_uart_init+2,w
    50  01CE  1D03               	btfss	3,2
    51  01CF  29D6               	goto	u15
    52  01D0  3004               	movlw	4
    53  01D1  0223               	subwf	?a_uart_init+1,w
    54  01D2  1D03               	btfss	3,2
    55  01D3  29D6               	goto	u15
    56  01D4  30E2               	movlw	226
    57  01D5  0222               	subwf	?a_uart_init,w
    58  01D6                     u15
    59  01D6  1803               	btfsc	3,0
    60  01D7  0008               	return
    61  01D8  29BE               	goto	l2
    62                           
    63                           	psect	text1
    64  0195                     _uart_send
    65                           ;	_data assigned to ?a_uart_send+0
    66  0000                     _uart_send$data	set	?a_uart_send
    67                           ;	_i assigned to ?a_uart_send+1
    68  0000                     _uart_send$i	set	?a_uart_send+1
    69                           ;_data stored from w
    70  0195  0183               	clrf	3	;select bank 0
    71  0196  00A2               	movwf	?a_uart_send
    72                           ;uart.c: 23: void uart_send(unsigned char data)
    73  0197  1307               	bcf	7,6
    74                           ;uart.c: 28: TMR1L=0;
    75  0198  018E               	clrf	14	;volatile
    76                           ;uart.c: 29: while(TMR1L<(1250000/115200));
    77  0199                     l6
    78  0199  300A               	movlw	10
    79  019A  020E               	subwf	14,w	;volatile
    80  019B  1C03               	btfss	3,0
    81  019C  2999               	goto	l6
    82                           ;uart.c: 31: for(i=1;i>0;i=i<<1)
    83  019D  01A3               	clrf	?a_uart_send+1
    84  019E  0AA3               	incf	?a_uart_send+1
    85  019F                     l9
    86                           ;uart.c: 32: {
    87  019F  0822               	movf	?a_uart_send,w
    88  01A0  0523               	andwf	?a_uart_send+1,w
    89  01A1  1D03               	btfss	3,2
    90  01A2  29A5               	goto	l12
    91  01A3  1307               	bcf	7,6
    92  01A4  29A6               	goto	l13
    93  01A5                     l12
    94                           ;uart.c: 34: else RC6=1;
    95  01A5  1707               	bsf	7,6
    96  01A6                     l13
    97                           ;uart.c: 35: TMR1L=0;
    98  01A6  018E               	clrf	14	;volatile
    99                           ;uart.c: 36: while(TMR1L<(1250000/115200));
   100  01A7                     l14
   101  01A7  300A               	movlw	10
   102  01A8  020E               	subwf	14,w	;volatile
   103  01A9  1C03               	btfss	3,0
   104  01AA  29A7               	goto	l14
   105  01AB  1003               	bcf	3,0
   106  01AC  0DA3               	rlf	?a_uart_send+1
   107  01AD  08A3               	movf	?a_uart_send+1
   108  01AE  1D03               	btfss	3,2
   109  01AF  299F               	goto	l9
   110                           ;uart.c: 37: }
   111  01B0  1707               	bsf	7,6
   112                           ;uart.c: 40: TMR1L=0;
   113  01B1  018E               	clrf	14	;volatile
   114                           ;uart.c: 41: while(TMR1L<(1250000/115200));
   115  01B2                     l17
   116  01B2  300A               	movlw	10
   117  01B3  020E               	subwf	14,w	;volatile
   118  01B4  1803               	btfsc	3,0
   119  01B5  0008               	return
   120  01B6  29B2               	goto	l17
   121                           
   122                           	psect	text2
   123  0176                     _uart_receive
   124                           ;	_data assigned to ?a_uart_receive+0
   125  0000                     _uart_receive$data	set	?a_uart_receive
   126                           ;	_i assigned to ?a_uart_receive+1
   127  0000                     _uart_receive$i	set	?a_uart_receive+1
   128                           ;uart.c: 44: unsigned char uart_receive(void)
   129  0176  0183               	clrf	3	;select bank 0
   130  0177  01A1               	clrf	?a_uart_receive
   131                           ;uart.c: 48: while(RC7==1);
   132  0178                     l21
   133  0178  1B87               	btfsc	7,7
   134  0179  2978               	goto	l21
   135                           ;uart.c: 49: TMR1L=0;
   136  017A  018E               	clrf	14	;volatile
   137                           ;uart.c: 50: while(TMR1L<(1250000/115200));
   138  017B                     l24
   139  017B  300A               	movlw	10
   140  017C  020E               	subwf	14,w	;volatile
   141  017D  1C03               	btfss	3,0
   142  017E  297B               	goto	l24
   143                           ;uart.c: 52: TMR1L=0;
   144  017F  018E               	clrf	14	;volatile
   145                           ;uart.c: 53: while(TMR1L<(1250000/115200/2));
   146  0180                     l27
   147  0180  3005               	movlw	5
   148  0181  020E               	subwf	14,w	;volatile
   149  0182  1C03               	btfss	3,0
   150  0183  2980               	goto	l27
   151                           ;uart.c: 55: for(i=1;i>0;i=i<<1)
   152  0184  01A2               	clrf	?a_uart_receive+1
   153  0185  0AA2               	incf	?a_uart_receive+1
   154  0186                     l30
   155  0186  0822               	movf	?a_uart_receive+1,w
   156                           ;uart.c: 56: {
   157  0187  1B87               	btfsc	7,7
   158  0188  04A1               	iorwf	?a_uart_receive
   159                           ;uart.c: 58: TMR1L=0;
   160  0189  018E               	clrf	14	;volatile
   161                           ;uart.c: 59: while(TMR1L<(1250000/115200));
   162  018A                     l34
   163  018A  300A               	movlw	10
   164  018B  020E               	subwf	14,w	;volatile
   165  018C  1C03               	btfss	3,0
   166  018D  298A               	goto	l34
   167  018E  1003               	bcf	3,0
   168  018F  0DA2               	rlf	?a_uart_receive+1
   169  0190  08A2               	movf	?a_uart_receive+1
   170  0191  1D03               	btfss	3,2
   171  0192  2986               	goto	l30
   172                           ;uart.c: 60: }
   173  0193  0821               	movf	?a_uart_receive,w
   174                           ;uart.c: 66: }
   175  0194  0008               	return	;uses W
   176                           
   177                           	psect	text3
   178  0000                     
   179  0000                     
   180  0000                     
   181  0000                     
   182  0000                     
   183  0000                     
   184  0000                     
   185  0000                     
   186  0000                     
   187  0000                     
   188  0000                     
   189  0000                     
   190  0000                     
   191  0000                     
   192  0000                     
   193  0000                     
   194  0000                     
   195  0000                     
   196  0000                     
   197  0000                     
   198  0000                     
   199  0000                     
   200  0000                     
   201  0000                     
   202  0000                     
   203  0000                     
   204  0000                     
   205  0000                     
   206  0000                     
   207  0000                     
   208  0000                     
   209  0000                     
   210  0000                     
   211  0000                     
   212  0000                     
   213  0000                     
   214  0000                     
   215  0000                     
   216  0000                     
   217  0000                     
   218  0000                     
   219  0000                     
   220  0000                     
   221  0000                     
   222  0000                     
   223  0000                     
   224  0000                     
   225  0000                     
   226  0000                     
   227  0000                     
   228  0000                     
   229  0000                     
   230  0000                     
   231  0000                     
   232  0000                     
   233  0000                     
   234  0000                     
   235  0000                     
   236  0000                     
   237  0000                     
   238  0000                     
   239  0000                     
   240  0000                     
   241  0000                     
   242  0000                     
   243  0000                     
   244  0000                     
   245  0000                     
   246  0000                     
   247  0000                     
   248  0000                     
   249  0000                     
   250  0000                     
   251  0000                     
   252  0000                     
   253  0000                     
   254  0000                     
   255  0000                     
   256  0000                     
   257  0000                     
   258  0000                     
   259  0000                     
   260  0000                     
   261  0000                     
   262  0000                     
   263  0000                     
   264  0000                     
   265  0000                     
   266  0000                     
   267  0000                     
   268  0000                     
   269  0000                     
   270  0000                     
   271  0000                     
   272  0000                     
   273  0000                     
   274  0000                     
   275  0000                     
   276  0000                     
   277  0000                     
   278  0000                     
   279  0000                     
   280  0000                     
   281  0000                     
   282  0000                     
   283  0000                     
   284  0000                     
   285  0000                     
   286  0000                     
   287  0000                     
   288  0000                     
   289  0000                     
   290  0000                     
   291  0000                     
   292  0000                     
   293  0000                     
   294  0000                     
   295  0000                     
   296  0000                     
   297  0000                     
   298  0000                     
   299  0000                     
   300  0000                     
   301  0000                     
   302  0000                     
   303  0000                     
   304  0000                     
   305  0000                     
   306  0000                     
   307  0000                     
   308  0000                     
   309  0000                     
   310  0000                     
   311  0000                     
   312  0000                     
   313  0000                     
   314  0000                     
   315  0000                     
   316  0000                     
   317  0000                     
   318  0000                     
   319  0000                     
   320  0000                     
   321  0000                     
   322  0000                     
   323  0000                     
   324  0000                     
   325  0000                     
   326  0000                     
   327  0000                     
   328  0000                     
   329  0000                     
   330  0000                     
   331  0000                     
   332  0000                     
   333  0000                     
   334  0000                     
   335  0000                     
   336  0000                     
   337  0000                     
   338  0000                     
   339  0000                     
   340  0000                     
   341  0000                     
   342  0000                     
   343  0000                     
   344  0000                     
   345  0000                     
   346  0000                     
   347  0000                     
   348  0000                     
   349  0000                     
   350  0000                     
   351  0000                     
   352  0000                     
   353  0000                     
   354  0000                     
   355  0000                     
   356  0000                     
   357  0000                     
   358  0000                     
   359  0000                     
   360  0000                     
   361  0000                     
   362  0000                     
   363  0000                     
   364  0000                     
   365  0000                     
   366  0000                     
   367  0000                     
   368  0000                     
   369  0000                     
   370  0000                     
   371  0000                     
   372  0000                     
   373  0000                     
   374  0000                     
   375  0000                     
   376  0000                     
   377  0000                     
   378  0000                     
   379  0000                     
   380  0000                     
   381  0000                     
   382  0000                     
   383  0000                     
   384  0000                     
   385  0000                     
   386  0000                     
   387  0000                     
   388  0000                     
   389  0000                     
   390  0000                     
   391  0000                     
   392  0000                     
   393  0000                     
   394  0000                     
   395  0000                     
   396  0000                     
   397  0000                     
   398  0000                     
   399  0000                     
   400  0000                     
   401  0000                     
   402  0000                     
   403  0000                     
   404  0000                     
   405  0000                     
   406  0000                     
   407  0000                     
   408  0000                     
   409  0000                     
   410  0000                     
   411  0000                     
   412  0000                     
   413  0000                     
   414  0000                     
   415  0000                     
   416  0000                     
   417  0000                     
   418  0000                     
   419  0000                     
   420  0000                     
   421  0000                     
   422  0000                     
   423  0000                     
   424  0000                     
   425  0000                     
   426  0000                     
   427  0000                     
   428  0000                     
   429  0000                     
   430  0000                     
   431  0000                     
   432  0000                     
   433  0000                     
   434  0000                     
   435  0000                     
   436  0000                     
   437  0000                     
   438  0000                     
   439  0000                     
   440  0000                     
   441  0000                     
   442  0000                     
   443  0000                     
   444  0000                     
   445  0000                     
   446  0000                     
   447  0000                     
   448  0000                     
   449  0000                     
   450  0000                     
   451  0000                     
   452  0000                     
   453  0000                     
   454  0000                     
   455                           
   456                           	psect	temp
   457  0074                     btemp
                     btemp
   458  0074                     	ds	1


HI-TECH Software PICC Macro Assembler V9.60
Symbol Table                                          Tue Nov 11 13:52:37 2008

                l2 01BE                  l6 0199                  l9 019F  
               l12 01A5                 l21 0178                 l13 01A6  
               l30 0186                 l14 01A7                 l24 017B  
               l17 01B2                 l34 018A                 l27 0180  
               u15 01D6       _uart_receive 0176               f2783 0022  
             btemp 0074        ?a_uart_init 0022        ?a_uart_send 0022  
        _uart_init 01B7          _uart_send 0195     ?a_uart_receive 0021  
            status 0003         used_btemp0 0001  
